16:51:25.774 [main] INFO  api.test.UserTests - *********Creating user ***********
16:51:36.147 [main] INFO  api.test.UserTests - *********Created user ***********
16:51:36.204 [main] INFO  api.test.UserTests - *********getting userdata***********
16:51:36.685 [main] INFO  api.test.UserTests - *********Got user ***********
16:51:36.695 [main] INFO  api.test.UserTests - *********Updating user ***********
16:51:37.628 [main] INFO  api.test.UserTests - *********Updated user ***********
16:51:37.639 [main] INFO  api.test.UserTests - *********Deleting user ***********
16:51:38.136 [main] INFO  api.test.UserTests - *********user Deleted  ***********
17:33:12.240 [main] INFO  api.test.UserTests2 - *********Creating user ***********
17:33:20.603 [main] INFO  api.test.UserTests2 - *********Created user ***********
17:33:20.698 [main] INFO  api.test.UserTests2 - *********getting userdata***********
17:33:21.403 [main] INFO  api.test.UserTests2 - *********Got user ***********
17:33:21.417 [main] INFO  api.test.UserTests2 - *********Updating user ***********
17:33:22.552 [main] INFO  api.test.UserTests2 - *********Updated user ***********
17:33:22.563 [main] INFO  api.test.UserTests2 - *********Deleting user ***********
17:33:22.950 [main] INFO  api.test.UserTests2 - *********user Deleted  ***********
17:39:42.061 [main] INFO  api.test.UserTests - *********Creating user ***********
17:39:42.493 [main] INFO  api.test.UserTests - *********Created user ***********
17:39:42.497 [main] INFO  api.test.UserTests - *********getting userdata***********
17:39:43.011 [main] INFO  api.test.UserTests - *********Got user ***********
17:39:43.013 [main] INFO  api.test.UserTests - *********Updating user ***********
17:39:43.835 [main] INFO  api.test.UserTests - *********Updated user ***********
17:39:43.837 [main] INFO  api.test.UserTests - *********Deleting user ***********
17:39:44.340 [main] INFO  api.test.UserTests - *********user Deleted  ***********
17:40:55.740 [main] INFO  api.test.UserTests - *********Creating user ***********
17:40:56.379 [main] INFO  api.test.UserTests - *********Created user ***********
17:40:56.383 [main] INFO  api.test.UserTests - *********getting userdata***********
17:40:56.769 [main] INFO  api.test.UserTests - *********Got user ***********
17:40:56.772 [main] INFO  api.test.UserTests - *********Updating user ***********
17:40:57.528 [main] INFO  api.test.UserTests - *********Updated user ***********
17:40:57.530 [main] INFO  api.test.UserTests - *********Deleting user ***********
17:40:57.887 [main] INFO  api.test.UserTests - *********user Deleted  ***********
17:53:15.865 [main] INFO  api.test.UserTests - *********Creating user ***********
17:53:16.371 [main] INFO  api.test.UserTests - *********Created user ***********
17:53:16.374 [main] INFO  api.test.UserTests - *********getting userdata***********
17:53:16.948 [main] INFO  api.test.UserTests - *********Got user ***********
17:53:16.950 [main] INFO  api.test.UserTests - *********Updating user ***********
17:53:18.030 [main] INFO  api.test.UserTests - *********Updated user ***********
17:53:18.032 [main] INFO  api.test.UserTests - *********Deleting user ***********
17:53:18.409 [main] INFO  api.test.UserTests - *********user Deleted  ***********
17:58:52.134 [main] INFO  api.test.UserTests - *********Creating user ***********
17:58:52.733 [main] INFO  api.test.UserTests - *********Created user ***********
17:58:52.736 [main] INFO  api.test.UserTests - *********getting userdata***********
17:58:53.155 [main] INFO  api.test.UserTests - *********Got user ***********
17:58:53.160 [main] INFO  api.test.UserTests - *********Updating user ***********
17:58:54.137 [main] INFO  api.test.UserTests - *********Updated user ***********
17:58:54.140 [main] INFO  api.test.UserTests - *********Deleting user ***********
17:58:54.504 [main] INFO  api.test.UserTests - *********user Deleted  ***********
18:05:04.641 [main] INFO  api.test.UserTests - *********Creating user ***********
18:05:05.349 [main] INFO  api.test.UserTests - *********Created user ***********
18:05:05.359 [main] INFO  api.test.UserTests - *********getting userdata***********
18:05:05.798 [main] INFO  api.test.UserTests - *********Got user ***********
18:05:05.804 [main] INFO  api.test.UserTests - *********Updating user ***********
18:05:06.546 [main] INFO  api.test.UserTests - *********Updated user ***********
18:05:06.551 [main] INFO  api.test.UserTests - *********Deleting user ***********
18:05:07.004 [main] INFO  api.test.UserTests - *********user Deleted  ***********
18:34:45.897 [main] INFO  api.test.UserTests - *********Creating user ***********
18:34:46.311 [main] INFO  api.test.UserTests - *********Created user ***********
18:34:46.312 [main] INFO  api.test.UserTests - *********getting userdata***********
18:34:46.949 [main] INFO  api.test.UserTests - *********Got user ***********
18:34:46.952 [main] INFO  api.test.UserTests - *********Updating user ***********
18:34:48.112 [main] INFO  api.test.UserTests - *********Updated user ***********
18:34:48.114 [main] INFO  api.test.UserTests - *********Deleting user ***********
18:34:48.661 [main] INFO  api.test.UserTests - *********user Deleted  ***********
18:47:47.671 [main] INFO  api.test.UserTests - *********Creating user ***********
18:47:48.183 [main] INFO  api.test.UserTests - *********Created user ***********
18:47:48.187 [main] INFO  api.test.UserTests - *********getting userdata***********
18:47:48.641 [main] INFO  api.test.UserTests - *********Got user ***********
18:47:48.643 [main] INFO  api.test.UserTests - *********Updating user ***********
18:47:49.358 [main] INFO  api.test.UserTests - *********Updated user ***********
18:47:49.359 [main] INFO  api.test.UserTests - *********Deleting user ***********
18:47:49.675 [main] INFO  api.test.UserTests - *********user Deleted  ***********
